[2024-04-08 00:02:47] [INFO] XDU3982J392J92J9

[2024-04-08 00:02:59] [INFO] XDU3982J392J92J9

[2024-04-08 00:03:11] [INFO] XDU3982J392J92J9
[2024-04-07 15:06:41] [ERROR] TypeError: dto\User::arrayToUser(): Argument #1 ($array) must be of type array, false given, called in /var/www/html/src/dto/User.php on line 41 and defined in /var/www/html/src/dto/User.php:48
Stack trace:
#0 /var/www/html/src/dto/User.php(41): dto\User::arrayToUser(false)
#1 /var/www/html/src/service/LoginService.php(19): dto\User::getByEmail('2121')
#2 /var/www/html/src/controller/LoginController.php(23): service\LoginService->proceed()
#3 /var/www/html/src/Application.php(44): controller\LoginController->post()
#4 /var/www/html/src/public/index.php(11): Application->run()
#5 {main}
[2024-04-08 09:16:34] [ERROR] TypeError: repository\UserRepository::fetchedToUser(): Argument #1 ($array) must be of type array, false given, called in /var/www/html/src/repository/UserRepository.php on line 81 and defined in /var/www/html/src/repository/UserRepository.php:99
Stack trace:
#0 /var/www/html/src/repository/UserRepository.php(81): repository\UserRepository::fetchedToUser(false)
#1 /var/www/html/src/service/LoginService.php(28): repository\UserRepository->getByEmail('3')
#2 /var/www/html/src/controller/LoginController.php(23): service\LoginService->proceed()
#3 /var/www/html/src/Application.php(44): controller\LoginController->post()
#4 /var/www/html/src/public/index.php(11): Application->run()
#5 {main}
[2024-04-08 09:16:37] [ERROR] TypeError: repository\UserRepository::fetchedToUser(): Argument #1 ($array) must be of type array, false given, called in /var/www/html/src/repository/UserRepository.php on line 81 and defined in /var/www/html/src/repository/UserRepository.php:99
Stack trace:
#0 /var/www/html/src/repository/UserRepository.php(81): repository\UserRepository::fetchedToUser(false)
#1 /var/www/html/src/service/LoginService.php(28): repository\UserRepository->getByEmail('2121')
#2 /var/www/html/src/controller/LoginController.php(23): service\LoginService->proceed()
#3 /var/www/html/src/Application.php(44): controller\LoginController->post()
#4 /var/www/html/src/public/index.php(11): Application->run()
#5 {main}
[2024-04-08 13:06:20] [ERROR] TypeError: repository\UserRepository::fetchedToUser(): Argument #1 ($array) must be of type array, false given, called in /var/www/html/src/repository/UserRepository.php on line 83 and defined in /var/www/html/src/repository/UserRepository.php:90
Stack trace:
#0 /var/www/html/src/repository/UserRepository.php(83): repository\UserRepository::fetchedToUser(false)
#1 /var/www/html/src/repository/UserRepository.php(59): repository\UserRepository->getByColumn('email', '2121')
#2 /var/www/html/src/service/LoginService.php(28): repository\UserRepository->getByEmail('2121')
#3 /var/www/html/src/controller/AuthenticationController.php(26): service\LoginService->proceed()
#4 /var/www/html/src/Application.php(44): controller\AuthenticationController->login()
#5 /var/www/html/src/public/index.php(11): Application->run()
#6 {main}
[2024-04-08 13:06:22] [ERROR] TypeError: repository\UserRepository::fetchedToUser(): Argument #1 ($array) must be of type array, false given, called in /var/www/html/src/repository/UserRepository.php on line 83 and defined in /var/www/html/src/repository/UserRepository.php:90
Stack trace:
#0 /var/www/html/src/repository/UserRepository.php(83): repository\UserRepository::fetchedToUser(false)
#1 /var/www/html/src/repository/UserRepository.php(59): repository\UserRepository->getByColumn('email', '2121')
#2 /var/www/html/src/service/LoginService.php(28): repository\UserRepository->getByEmail('2121')
#3 /var/www/html/src/controller/AuthenticationController.php(26): service\LoginService->proceed()
#4 /var/www/html/src/Application.php(44): controller\AuthenticationController->login()
#5 /var/www/html/src/public/index.php(11): Application->run()
#6 {main}
[2024-04-08 13:06:23] [ERROR] TypeError: repository\UserRepository::fetchedToUser(): Argument #1 ($array) must be of type array, false given, called in /var/www/html/src/repository/UserRepository.php on line 83 and defined in /var/www/html/src/repository/UserRepository.php:90
Stack trace:
#0 /var/www/html/src/repository/UserRepository.php(83): repository\UserRepository::fetchedToUser(false)
#1 /var/www/html/src/repository/UserRepository.php(59): repository\UserRepository->getByColumn('email', '2121')
#2 /var/www/html/src/service/LoginService.php(28): repository\UserRepository->getByEmail('2121')
#3 /var/www/html/src/controller/AuthenticationController.php(26): service\LoginService->proceed()
#4 /var/www/html/src/Application.php(44): controller\AuthenticationController->login()
#5 /var/www/html/src/public/index.php(11): Application->run()
#6 {main}
[2024-04-08 13:06:23] [ERROR] TypeError: repository\UserRepository::fetchedToUser(): Argument #1 ($array) must be of type array, false given, called in /var/www/html/src/repository/UserRepository.php on line 83 and defined in /var/www/html/src/repository/UserRepository.php:90
Stack trace:
#0 /var/www/html/src/repository/UserRepository.php(83): repository\UserRepository::fetchedToUser(false)
#1 /var/www/html/src/repository/UserRepository.php(59): repository\UserRepository->getByColumn('email', '2121')
#2 /var/www/html/src/service/LoginService.php(28): repository\UserRepository->getByEmail('2121')
#3 /var/www/html/src/controller/AuthenticationController.php(26): service\LoginService->proceed()
#4 /var/www/html/src/Application.php(44): controller\AuthenticationController->login()
#5 /var/www/html/src/public/index.php(11): Application->run()
#6 {main}
[2024-04-08 13:06:23] [ERROR] TypeError: repository\UserRepository::fetchedToUser(): Argument #1 ($array) must be of type array, false given, called in /var/www/html/src/repository/UserRepository.php on line 83 and defined in /var/www/html/src/repository/UserRepository.php:90
Stack trace:
#0 /var/www/html/src/repository/UserRepository.php(83): repository\UserRepository::fetchedToUser(false)
#1 /var/www/html/src/repository/UserRepository.php(59): repository\UserRepository->getByColumn('email', '2121')
#2 /var/www/html/src/service/LoginService.php(28): repository\UserRepository->getByEmail('2121')
#3 /var/www/html/src/controller/AuthenticationController.php(26): service\LoginService->proceed()
#4 /var/www/html/src/Application.php(44): controller\AuthenticationController->login()
#5 /var/www/html/src/public/index.php(11): Application->run()
#6 {main}
[2024-04-08 13:06:23] [ERROR] TypeError: repository\UserRepository::fetchedToUser(): Argument #1 ($array) must be of type array, false given, called in /var/www/html/src/repository/UserRepository.php on line 83 and defined in /var/www/html/src/repository/UserRepository.php:90
Stack trace:
#0 /var/www/html/src/repository/UserRepository.php(83): repository\UserRepository::fetchedToUser(false)
#1 /var/www/html/src/repository/UserRepository.php(59): repository\UserRepository->getByColumn('email', '2121')
#2 /var/www/html/src/service/LoginService.php(28): repository\UserRepository->getByEmail('2121')
#3 /var/www/html/src/controller/AuthenticationController.php(26): service\LoginService->proceed()
#4 /var/www/html/src/Application.php(44): controller\AuthenticationController->login()
#5 /var/www/html/src/public/index.php(11): Application->run()
#6 {main}
[2024-04-08 13:10:12] [ERROR] TypeError: repository\UserRepository::fetchedToUser(): Argument #1 ($array) must be of type array, false given, called in /var/www/html/src/repository/UserRepository.php on line 83 and defined in /var/www/html/src/repository/UserRepository.php:90
Stack trace:
#0 /var/www/html/src/repository/UserRepository.php(83): repository\UserRepository::fetchedToUser(false)
#1 /var/www/html/src/repository/UserRepository.php(59): repository\UserRepository->getByColumn('email', '4343')
#2 /var/www/html/src/service/LoginService.php(28): repository\UserRepository->getByEmail('4343')
#3 /var/www/html/src/controller/AuthenticationController.php(25): service\LoginService->proceed()
#4 /var/www/html/src/Application.php(44): controller\AuthenticationController->login()
#5 /var/www/html/src/public/index.php(11): Application->run()
#6 {main}
[2024-04-08 13:22:48] [ERROR] PDOException: SQLSTATE[23505]: Unique violation: 7 ERROR:  duplicate key value violates unique constraint "users_email_key"
DETAIL:  Key (email)=(lisanya@mail.ru) already exists. in /var/www/html/src/repository/UserRepository.php:35
Stack trace:
#0 /var/www/html/src/repository/UserRepository.php(35): PDOStatement->execute()
#1 /var/www/html/src/service/RegistrationService.php(65): repository\UserRepository->save(Object(dto\User))
#2 /var/www/html/src/service/RegistrationService.php(27): service\RegistrationService->save(Object(dto\User))
#3 /var/www/html/src/controller/RegistrationController.php(21): service\RegistrationService->proceed()
#4 /var/www/html/src/Application.php(44): controller\RegistrationController->post()
#5 /var/www/html/src/public/index.php(11): Application->run()
#6 {main}
[2024-04-08 13:22:49] [ERROR] PDOException: SQLSTATE[23505]: Unique violation: 7 ERROR:  duplicate key value violates unique constraint "users_email_key"
DETAIL:  Key (email)=(lisanya@mail.ru) already exists. in /var/www/html/src/repository/UserRepository.php:35
Stack trace:
#0 /var/www/html/src/repository/UserRepository.php(35): PDOStatement->execute()
#1 /var/www/html/src/service/RegistrationService.php(65): repository\UserRepository->save(Object(dto\User))
#2 /var/www/html/src/service/RegistrationService.php(27): service\RegistrationService->save(Object(dto\User))
#3 /var/www/html/src/controller/RegistrationController.php(21): service\RegistrationService->proceed()
#4 /var/www/html/src/Application.php(44): controller\RegistrationController->post()
#5 /var/www/html/src/public/index.php(11): Application->run()
#6 {main}
